<?xml version="1.0" encoding="utf-8"?><testsuites name="pytest tests"><testsuite name="pytest" errors="0" failures="0" skipped="0" tests="22" time="1.478" timestamp="2026-01-15T21:28:52.050438+00:00" hostname="agent-env-33ee1481-5ce6-4cf6-8665-4ba9890711d5"><testcase classname="tests.test_crm_api.TestHealthAndBasicAPI" name="test_api_root" time="0.060" /><testcase classname="tests.test_crm_api.TestCRMAuthEndpoints" name="test_auth_me_unauthenticated" time="0.035" /><testcase classname="tests.test_crm_api.TestCRMAuthEndpoints" name="test_logout_unauthenticated" time="0.036" /><testcase classname="tests.test_crm_api.TestCRMContactsEndpoints" name="test_get_contacts_unauthenticated" time="0.039" /><testcase classname="tests.test_crm_api.TestCRMContactsEndpoints" name="test_create_contact_unauthenticated" time="0.052" /><testcase classname="tests.test_crm_api.TestCRMContactsEndpoints" name="test_get_single_contact_unauthenticated" time="0.031" /><testcase classname="tests.test_crm_api.TestCRMContactsEndpoints" name="test_update_contact_unauthenticated" time="0.036" /><testcase classname="tests.test_crm_api.TestCRMContactsEndpoints" name="test_delete_contact_unauthenticated" time="0.036" /><testcase classname="tests.test_crm_api.TestCRMTodosEndpoints" name="test_get_todos_unauthenticated" time="0.067" /><testcase classname="tests.test_crm_api.TestCRMTodosEndpoints" name="test_create_todo_unauthenticated" time="0.032" /><testcase classname="tests.test_crm_api.TestCRMTodosEndpoints" name="test_update_todo_unauthenticated" time="0.034" /><testcase classname="tests.test_crm_api.TestCRMTodosEndpoints" name="test_delete_todo_unauthenticated" time="0.034" /><testcase classname="tests.test_crm_api.TestCRMDashboardEndpoints" name="test_get_dashboard_unauthenticated" time="0.078" /><testcase classname="tests.test_crm_api.TestCRMDashboardEndpoints" name="test_get_pipeline_stages_unauthenticated" time="0.030" /><testcase classname="tests.test_crm_api.TestCRMActivitiesEndpoints" name="test_get_contact_activities_unauthenticated" time="0.035" /><testcase classname="tests.test_crm_api.TestCRMActivitiesEndpoints" name="test_create_activity_unauthenticated" time="0.034" /><testcase classname="tests.test_crm_api.TestCRMEmailEndpoints" name="test_get_email_templates_unauthenticated" time="0.037" /><testcase classname="tests.test_crm_api.TestCRMEmailEndpoints" name="test_send_email_unauthenticated" time="0.035" /><testcase classname="tests.test_crm_api.TestCRMInvoiceAndAgreementEndpoints" name="test_get_invoices_unauthenticated" time="0.039" /><testcase classname="tests.test_crm_api.TestCRMInvoiceAndAgreementEndpoints" name="test_get_agreements_unauthenticated" time="0.035" /><testcase classname="tests.test_crm_api.TestExistingPublicEndpoints" name="test_contact_form_endpoint" time="0.323" /><testcase classname="tests.test_crm_api.TestExistingPublicEndpoints" name="test_booking_endpoint" time="0.218" /></testsuite></testsuites>